SF:/Users/williamverhaeghe/Development/git/flutter_navigation_generator/flutter_navigation_generator/lib/src/code_builder/import_builder.dart
DA:11,1
DA:17,1
DA:18,1
DA:19,5
DA:20,2
DA:21,3
DA:22,4
DA:23,4
DA:24,6
DA:26,2
DA:27,2
LF:11
LH:11
end_of_record
SF:/Users/williamverhaeghe/Development/git/flutter_navigation_generator/flutter_navigation_generator/lib/src/models/importable_type.dart
DA:9,0
DA:11,2
DA:20,0
DA:21,0
DA:22,0
DA:23,0
DA:24,0
DA:25,0
DA:26,0
DA:27,0
DA:31,0
DA:32,0
DA:33,0
DA:34,0
DA:35,0
DA:36,0
DA:37,0
DA:38,0
DA:39,0
LF:19
LH:1
end_of_record
SF:/Users/williamverhaeghe/Development/git/flutter_navigation_generator/flutter_navigation_generator/lib/src/models/route_config.dart
DA:20,1
DA:35,0
DA:36,0
DA:37,0
DA:38,0
DA:39,0
DA:40,0
DA:41,0
DA:42,0
DA:43,0
DA:44,0
DA:45,0
DA:46,0
DA:47,0
DA:51,0
DA:52,0
DA:53,0
DA:54,0
DA:55,0
DA:56,0
DA:57,0
DA:58,0
DA:59,0
DA:60,0
DA:61,0
DA:62,0
DA:63,0
DA:67,0
DA:69,0
LF:29
LH:1
end_of_record
SF:/Users/williamverhaeghe/Development/git/flutter_navigation_generator/flutter_navigation_generator/lib/src/utils/utils.dart
DA:7,0
DA:8,0
DA:9,0
DA:11,0
DA:14,0
DA:15,0
DA:16,0
DA:18,0
DA:21,0
DA:23,0
DA:26,0
DA:28,0
DA:31,0
DA:32,0
DA:38,0
DA:40,0
DA:47,0
DA:50,0
DA:53,1
DA:62,3
DA:64,2
DA:65,2
DA:67,2
DA:68,1
DA:69,2
DA:70,2
DA:71,0
DA:72,0
DA:82,0
DA:83,0
DA:84,0
DA:85,0
LF:32
LH:8
end_of_record
SF:/Users/williamverhaeghe/Development/git/flutter_navigation_generator/flutter_navigation_generator/lib/src/resolvers/importable_type_resolver.dart
DA:19,0
DA:23,0
DA:24,0
DA:25,0
DA:26,0
DA:27,0
DA:29,0
DA:36,1
DA:40,1
DA:41,2
DA:42,0
DA:51,0
DA:53,0
DA:56,0
DA:60,0
DA:61,0
DA:62,0
DA:68,0
DA:69,0
DA:72,0
DA:74,0
DA:76,0
DA:78,0
DA:82,0
DA:84,0
DA:85,0
DA:89,0
DA:91,0
DA:92,0
DA:96,0
DA:97,0
DA:98,0
DA:99,0
DA:100,0
DA:101,0
DA:103,0
DA:104,0
DA:105,0
DA:106,0
DA:107,0
DA:115,0
DA:122,0
DA:123,0
DA:125,0
DA:126,0
DA:128,0
LF:46
LH:3
end_of_record
SF:/Users/williamverhaeghe/Development/git/flutter_navigation_generator/flutter_navigation_generator/lib/src/extensions/navigation_type_extension.dart
DA:4,1
DA:5,3
DA:6,3
LF:3
LH:3
end_of_record
